Arguments: 
  /home/juan/.nvm/versions/node/v14.3.0/bin/node /usr/share/yarn/bin/yarn.js

PATH: 
  /home/juan/bin:/opt/firefox/firefox:/home/juan/bin:/home/juan/bin:/opt/firefox/firefox:/home/juan/.nvm/versions/node/v14.3.0/bin:/home/juan/.cargo/bin:/home/juan/bin:/usr/local/sbin:/usr/local/bin:/usr/sbin:/usr/bin:/sbin:/bin:/usr/games:/usr/local/games:/snap/bin

Yarn version: 
  1.22.5

Node version: 
  14.3.0

Platform: 
  linux x64

Trace: 
  SyntaxError: /home/juan/testing-tauri/package.json: Unexpected token } in JSON at position 1959
      at JSON.parse (<anonymous>)
      at /usr/share/yarn/lib/cli.js:1625:59
      at Generator.next (<anonymous>)
      at step (/usr/share/yarn/lib/cli.js:310:30)
      at /usr/share/yarn/lib/cli.js:321:13

npm manifest: 
  {
    "name": "naquada",
    "version": "0.2.0",
    "private": true,
    "description": "A Functional toolbox created with Tauri an React",
    "keywords": [],
    "license": "MIT",
    "author": "Juan Patricio Marchetto",
    "scripts": {
      "prebuild": "rimraf ./dist",
      "build:fe": "webpack --production",
      "build:tauri": "tauri build",
      "build": "craco build && npm run build:fe && npm run build:tauri",
      "dev": "concurrently -p \"[{name}]\" -n \"front-end,tauri\" -c \"bgGreen.bold,bgCyan.bold\" \"npm run dev:fe\" \"npm run dev:tauri\"",
      "dev:fe": "craco start && webpack-dev-server --watch",
      "dev:tauri": "cross-env RUST_DEBUG=1 tauri dev",
      "start": "craco start",
      "test": "craco test"
    },
    "resolutions": {
      "bl": "^2.2.1",
      "elliptic": "^6.5.3",
      "minimist": "^1.2.2",
      "node-forge": "^0.10.0",
      "serialize-javascript": "^3.1.0",
      "websocket-extensions": "0.1.4"
    },
    "devDependencies": {
      "@babel/core": "^7.10.2",
      "@babel/preset-env": "^7.10.2",
      "@babel/preset-react": "^7.10.1",
      "@babel/preset-typescript": "^7.10.1",
      "@craco/craco": "^6.1.2",
      "@tauri-apps/api": "1.0.0-beta.1",
      "@tauri-apps/cli": "^1.0.0-beta.0",
      "@types/node": "^14.0.13",
      "@types/react": "^16.9.35",
      "@types/webpack": "^4.41.17",
      "@types/webpack-dev-server": "^3.11.0",
      "autoprefixer": "^9.8.6",
      "concurrently": "^5.2.0",
      "core-js": "^2.6.12",
      "cross-env": "^7.0.2",
      "css-loader": "^3.5.3",
      "glob": "^7.1.6",
      "html-webpack-plugin": "^4.3.0",
      "inline-source-cli": "^2.0.0",
      "purgecss-webpack-plugin": "^4.0.3",
      "react": "^17.0.2",
      "react-dom": "^17.0.2",
      "react-scripts": "^4.0.3",
      "rimraf": "^3.0.2",
      "style-loader": "^1.2.1",
      "tailwindcss": "npm:@tailwindcss/postcss7-compat@^2.1.4",
      "terser-webpack-plugin": "^3.0.2",
      "ts-node": "^8.10.2",
      "typescript": "^3.9.5",
      "view-logics": "^0.3.0",
      "webpack-cli": "3.3.11",
    },
    "browserslist": {
      "production": [
        ">0.2%",
        "not dead",
        "not op_mini all"
      ],
      "development": [
        "last 1 chrome version",
        "last 1 firefox version",
        "last 1 safari version"
      ]
    }
  }

yarn manifest: 
  No manifest

Lockfile: 
  No lockfile
